Driver/build/outputs/logs/manifest-merger-release-report.txt
-- Merging decision tree log ---
manifest
ADDED from src/main/AndroidManifest.xml:2:1-176:12
	package
		ADDED from src/main/AndroidManifest.xml:4:5-32
		INJECTED from src/main/AndroidManifest.xml
		INJECTED from src/main/AndroidManifest.xml
	android:versionName
		INJECTED from src/main/AndroidManifest.xml
		INJECTED from src/main/AndroidManifest.xml
	xmlns:tools
		ADDED from src/main/AndroidManifest.xml:3:5-51
	xmlns:android
		ADDED from src/main/AndroidManifest.xml:2:11-69
	android:versionCode
		INJECTED from src/main/AndroidManifest.xml
		INJECTED from src/main/AndroidManifest.xml
uses-permission#android.permission.INTERNET
ADDED from src/main/AndroidManifest.xml:6:5-67
MERGED from [com.crashlytics.sdk.android:crashlytics:2.6.2] AndroidManifest.xml:9:5-67
MERGED from [com.crashlytics.sdk.android:beta:1.2.2] AndroidManifest.xml:9:5-67
MERGED from [com.crashlytics.sdk.android:crashlytics-core:2.3.11] AndroidManifest.xml:9:5-67
MERGED from [com.crashlytics.sdk.android:answers:1.3.9] AndroidManifest.xml:9:5-67
MERGED from [io.fabric.sdk.android:fabric:1.3.13] AndroidManifest.xml:25:5-67
MERGED from [com.google.android.gms:play-services-gcm:10.0.1] AndroidManifest.xml:21:5-66
MERGED from [com.google.android.gms:play-services-iid:10.0.1] AndroidManifest.xml:21:5-66
MERGED from [com.google.android.gms:play-services-maps:10.0.1] AndroidManifest.xml:20:5-66
	android:name
		ADDED from src/main/AndroidManifest.xml:6:22-64
uses-permission#android.permission.KILL_BACKGROUND_PROCESSES
ADDED from src/main/AndroidManifest.xml:7:5-84
	android:name
		ADDED from src/main/AndroidManifest.xml:7:22-81
uses-permission#android.permission.WAKE_LOCK
ADDED from src/main/AndroidManifest.xml:8:5-68
	android:name
		ADDED from src/main/AndroidManifest.xml:8:22-65
uses-permission#com.jayeen.driver.permission.C2D_MESSAGE
ADDED from src/main/AndroidManifest.xml:9:5-80
	android:name
		ADDED from src/main/AndroidManifest.xml:9:22-77
uses-permission#com.google.android.c2dm.permission.RECEIVE
ADDED from src/main/AndroidManifest.xml:10:5-82
MERGED from [com.google.android.gms:play-services-gcm:10.0.1] AndroidManifest.xml:20:5-81
MERGED from [com.google.android.gms:play-services-iid:10.0.1] AndroidManifest.xml:20:5-81
	android:name
		ADDED from src/main/AndroidManifest.xml:10:22-79
uses-permission#android.permission.ACCESS_NETWORK_STATE
ADDED from src/main/AndroidManifest.xml:11:5-79
MERGED from [com.google.android.gms:play-services-maps:10.0.1] AndroidManifest.xml:19:5-78
	android:name
		ADDED from src/main/AndroidManifest.xml:11:22-76
uses-permission#android.permission.WRITE_EXTERNAL_STORAGE
ADDED from src/main/AndroidManifest.xml:12:5-81
	android:name
		ADDED from src/main/AndroidManifest.xml:12:22-78
uses-permission#android.permission.ACCESS_COARSE_LOCATION
ADDED from src/main/AndroidManifest.xml:13:5-81
	android:name
		ADDED from src/main/AndroidManifest.xml:13:22-78
uses-permission#android.permission.ACCESS_FINE_LOCATION
ADDED from src/main/AndroidManifest.xml:14:5-79
	android:name
		ADDED from src/main/AndroidManifest.xml:14:22-76
uses-permission#android.permission.GET_ACCOUNTS
ADDED from src/main/AndroidManifest.xml:15:5-71
	android:name
		ADDED from src/main/AndroidManifest.xml:15:22-68
uses-permission#android.permission.USE_CREDENTIALS
ADDED from src/main/AndroidManifest.xml:16:5-74
	android:name
		ADDED from src/main/AndroidManifest.xml:16:22-71
uses-permission#android.permission.CAMERA
ADDED from src/main/AndroidManifest.xml:17:5-65
	android:name
		ADDED from src/main/AndroidManifest.xml:17:22-62
uses-permission#android.permission.CALL_PHONE
ADDED from src/main/AndroidManifest.xml:18:5-69
	android:name
		ADDED from src/main/AndroidManifest.xml:18:22-66
uses-permission#android.permission.READ_PHONE_STATE
ADDED from src/main/AndroidManifest.xml:19:5-75
	android:name
		ADDED from src/main/AndroidManifest.xml:19:22-72
uses-permission#android.permission.READ_PHONE_SMS
ADDED from src/main/AndroidManifest.xml:20:5-73
	android:name
		ADDED from src/main/AndroidManifest.xml:20:22-70
uses-permission#android.permission.GET_TASKS
ADDED from src/main/AndroidManifest.xml:21:5-68
	android:name
		ADDED from src/main/AndroidManifest.xml:21:22-65
uses-permission#android.permission.CALL_PRIVILEGED
ADDED from src/main/AndroidManifest.xml:22:5-24:47
	tools:ignore
		ADDED from src/main/AndroidManifest.xml:24:9-44
	android:name
		ADDED from src/main/AndroidManifest.xml:23:9-58
uses-permission#android.permission.VIBRATE
ADDED from src/main/AndroidManifest.xml:25:5-66
	android:name
		ADDED from src/main/AndroidManifest.xml:25:22-63
uses-feature#android.hardware.camera
ADDED from src/main/AndroidManifest.xml:27:5-29:36
	android:required
		ADDED from src/main/AndroidManifest.xml:29:9-33
	android:name
		ADDED from src/main/AndroidManifest.xml:28:9-47
permission#com.jayeen.driver.permission.C2D_MESSAGE
ADDED from src/main/AndroidManifest.xml:31:5-33:47
	android:protectionLevel
		ADDED from src/main/AndroidManifest.xml:33:9-44
	android:name
		ADDED from src/main/AndroidManifest.xml:32:9-64
uses-permission#android.permission.STATUS_BAR_SERVICE
ADDED from src/main/AndroidManifest.xml:35:5-38:47
	android:protectionLevel
		ADDED from src/main/AndroidManifest.xml:37:9-44
	tools:ignore
		ADDED from src/main/AndroidManifest.xml:38:9-44
	android:name
		ADDED from src/main/AndroidManifest.xml:36:9-61
application
ADDED from src/main/AndroidManifest.xml:42:5-174:19
MERGED from [JayeenTaxi:pinnedlibrary:unspecified] AndroidManifest.xml:11:5-47
MERGED from [JayeenTaxi:countrylist:unspecified] AndroidManifest.xml:11:5-14:19
MERGED from [com.crashlytics.sdk.android:crashlytics:2.6.2] AndroidManifest.xml:11:5-20
MERGED from [com.crashlytics.sdk.android:beta:1.2.2] AndroidManifest.xml:11:5-20
MERGED from [com.crashlytics.sdk.android:crashlytics-core:2.3.11] AndroidManifest.xml:11:5-20
MERGED from [com.crashlytics.sdk.android:answers:1.3.9] AndroidManifest.xml:11:5-20
MERGED from [io.fabric.sdk.android:fabric:1.3.13] AndroidManifest.xml:27:5-20
MERGED from [com.google.android.gms:play-services-auth:10.0.1] AndroidManifest.xml:19:5-25:19
MERGED from [com.google.android.gms:play-services-gcm:10.0.1] AndroidManifest.xml:23:5-19
MERGED from [com.google.android.gms:play-services-iid:10.0.1] AndroidManifest.xml:23:5-19
MERGED from [com.google.android.gms:play-services-location:10.0.1] AndroidManifest.xml:4:5-19
MERGED from [com.google.android.gms:play-services-maps:10.0.1] AndroidManifest.xml:24:5-19
MERGED from [com.google.android.gms:play-services-base:10.0.1] AndroidManifest.xml:18:5-20:19
MERGED from [com.google.android.gms:play-services-tasks:10.0.1] AndroidManifest.xml:4:5-19
MERGED from [com.google.android.gms:play-services-basement:10.0.1] AndroidManifest.xml:19:5-21:19
MERGED from [com.soundcloud.android:android-crop:0.9.10] AndroidManifest.xml:9:5-47
MERGED from [com.mikhaellopez:circularimageview:3.0.2] AndroidManifest.xml:11:5-13:38
MERGED from [me.wangyuwei:LoadingiVew:1.0.5] AndroidManifest.xml:12:5-20
MERGED from [com.stripe:stripe-android:6.1.2] AndroidManifest.xml:11:5-25:19
MERGED from [com.android.support:cardview-v7:26.0.0-alpha1] AndroidManifest.xml:26:5-20
	android:label
		ADDED from src/main/AndroidManifest.xml:48:9-41
	android:supportsRtl
		ADDED from src/main/AndroidManifest.xml:45:9-35
	android:allowBackup
		ADDED from src/main/AndroidManifest.xml:46:9-35
		REJECTED from [JayeenTaxi:pinnedlibrary:unspecified] AndroidManifest.xml:11:18-44
		REJECTED from [com.soundcloud.android:android-crop:0.9.10] AndroidManifest.xml:9:18-44
		REJECTED from [com.mikhaellopez:circularimageview:3.0.2] AndroidManifest.xml:12:9-35
	android:icon
		ADDED from src/main/AndroidManifest.xml:44:9-45
	android:theme
		ADDED from src/main/AndroidManifest.xml:47:9-40
	tools:replace
		ADDED from src/main/AndroidManifest.xml:49:9-44
	android:name
		ADDED from src/main/AndroidManifest.xml:43:9-42
meta-data#android.support.VERSION
ADDED from src/main/AndroidManifest.xml:50:9-53:45
	android:value
		ADDED from src/main/AndroidManifest.xml:52:13-35
	tools:replace
		ADDED from src/main/AndroidManifest.xml:53:13-42
	android:name
		ADDED from src/main/AndroidManifest.xml:51:13-51
activity#com.jayeen.driver.MainActivity
ADDED from src/main/AndroidManifest.xml:55:9-68:20
	android:screenOrientation
		ADDED from src/main/AndroidManifest.xml:58:13-49
	android:launchMode
		ADDED from src/main/AndroidManifest.xml:57:13-48
	android:theme
		ADDED from src/main/AndroidManifest.xml:59:13-53
	android:name
		ADDED from src/main/AndroidManifest.xml:56:13-41
intent-filter#android.intent.action.MAIN+android.intent.category.DEFAULT
ADDED from src/main/AndroidManifest.xml:63:13-67:29
action#android.intent.action.MAIN
ADDED from src/main/AndroidManifest.xml:64:17-69
	android:name
		ADDED from src/main/AndroidManifest.xml:64:25-66
category#android.intent.category.DEFAULT
ADDED from src/main/AndroidManifest.xml:66:17-76
	android:name
		ADDED from src/main/AndroidManifest.xml:66:27-73
activity#com.jayeen.driver.RegisterActivity
ADDED from src/main/AndroidManifest.xml:69:9-72:67
	android:screenOrientation
		ADDED from src/main/AndroidManifest.xml:71:13-49
	android:windowSoftInputMode
		ADDED from src/main/AndroidManifest.xml:72:13-64
	android:name
		ADDED from src/main/AndroidManifest.xml:70:13-45
activity#com.jayeen.driver.MapActivity
ADDED from src/main/AndroidManifest.xml:73:9-79:67
	android:screenOrientation
		ADDED from src/main/AndroidManifest.xml:78:13-49
	android:label
		ADDED from src/main/AndroidManifest.xml:75:13-45
	android:launchMode
		ADDED from src/main/AndroidManifest.xml:76:13-48
	android:windowSoftInputMode
		ADDED from src/main/AndroidManifest.xml:79:13-64
	android:resumeWhilePausing
		ADDED from src/main/AndroidManifest.xml:77:13-46
	android:name
		ADDED from src/main/AndroidManifest.xml:74:13-40
activity#com.jayeen.driver.ProfileActivity
ADDED from src/main/AndroidManifest.xml:80:9-84:67
	android:screenOrientation
		ADDED from src/main/AndroidManifest.xml:83:13-49
	android:windowSoftInputMode
		ADDED from src/main/AndroidManifest.xml:84:13-64
	android:resumeWhilePausing
		ADDED from src/main/AndroidManifest.xml:82:13-46
	android:name
		ADDED from src/main/AndroidManifest.xml:81:13-44
activity#com.jayeen.driver.MenuDescActivity
ADDED from src/main/AndroidManifest.xml:85:9-88:52
	android:screenOrientation
		ADDED from src/main/AndroidManifest.xml:88:13-49
	android:resumeWhilePausing
		ADDED from src/main/AndroidManifest.xml:87:13-46
	android:name
		ADDED from src/main/AndroidManifest.xml:86:13-45
activity#com.jayeen.driver.HistoryActivity
ADDED from src/main/AndroidManifest.xml:89:9-92:52
	android:screenOrientation
		ADDED from src/main/AndroidManifest.xml:92:13-49
	android:resumeWhilePausing
		ADDED from src/main/AndroidManifest.xml:91:13-46
	android:name
		ADDED from src/main/AndroidManifest.xml:90:13-44
activity#com.jayeen.driver.SettingActivity
ADDED from src/main/AndroidManifest.xml:93:9-95:52
	android:screenOrientation
		ADDED from src/main/AndroidManifest.xml:95:13-49
	android:name
		ADDED from src/main/AndroidManifest.xml:94:13-44
activity#com.jayeen.driver.Splash
ADDED from src/main/AndroidManifest.xml:96:9-105:20
	android:screenOrientation
		ADDED from src/main/AndroidManifest.xml:98:13-49
	android:theme
		ADDED from src/main/AndroidManifest.xml:99:13-53
	android:name
		ADDED from src/main/AndroidManifest.xml:97:13-35
intent-filter#android.intent.action.MAIN+android.intent.category.LAUNCHER
ADDED from src/main/AndroidManifest.xml:100:13-104:29
category#android.intent.category.LAUNCHER
ADDED from src/main/AndroidManifest.xml:103:17-77
	android:name
		ADDED from src/main/AndroidManifest.xml:103:27-74
service#com.jayeen.driver.locationupdate.LocationUpdateService
ADDED from src/main/AndroidManifest.xml:107:9-73
	android:name
		ADDED from src/main/AndroidManifest.xml:107:18-70
service#com.jayeen.driver.gcm.AcceptRejectSerice
ADDED from src/main/AndroidManifest.xml:108:9-59
	android:name
		ADDED from src/main/AndroidManifest.xml:108:18-56
activity#com.soundcloud.android.crop.CropImageActivity
ADDED from src/main/AndroidManifest.xml:110:9-82
	android:name
		ADDED from src/main/AndroidManifest.xml:110:19-79
meta-data#io.fabric.ApiKey
ADDED from src/main/AndroidManifest.xml:112:9-114:72
	android:value
		ADDED from src/main/AndroidManifest.xml:114:13-69
	android:name
		ADDED from src/main/AndroidManifest.xml:113:13-44
meta-data#com.google.android.maps.v2.API_KEY
ADDED from src/main/AndroidManifest.xml:116:9-118:71
	android:value
		ADDED from src/main/AndroidManifest.xml:118:13-68
	android:name
		ADDED from src/main/AndroidManifest.xml:117:13-62
meta-data#com.google.android.gms.version
ADDED from src/main/AndroidManifest.xml:119:9-121:69
MERGED from [com.google.android.gms:play-services-basement:10.0.1] AndroidManifest.xml:20:9-121
	android:value
		ADDED from src/main/AndroidManifest.xml:121:13-66
	android:name
		ADDED from src/main/AndroidManifest.xml:120:13-58
receiver#com.google.android.gms.gcm.GcmReceiver
ADDED from src/main/AndroidManifest.xml:127:9-136:20
	android:exported
		ADDED from src/main/AndroidManifest.xml:129:13-36
	android:permission
		ADDED from src/main/AndroidManifest.xml:130:13-73
	android:name
		ADDED from src/main/AndroidManifest.xml:128:13-66
intent-filter#com.google.android.c2dm.intent.RECEIVE+com.jayeen.driver
ADDED from src/main/AndroidManifest.xml:131:13-135:29
action#com.google.android.c2dm.intent.RECEIVE
ADDED from src/main/AndroidManifest.xml:132:17-81
	android:name
		ADDED from src/main/AndroidManifest.xml:132:25-78
category#com.jayeen.driver
ADDED from src/main/AndroidManifest.xml:134:17-62
	android:name
		ADDED from src/main/AndroidManifest.xml:134:27-59
service#com.jayeen.driver.gcm.MyGcmListenerService
ADDED from src/main/AndroidManifest.xml:141:9-147:19
	android:exported
		ADDED from src/main/AndroidManifest.xml:143:13-37
	android:name
		ADDED from src/main/AndroidManifest.xml:142:13-53
intent-filter#com.google.android.c2dm.intent.RECEIVE
ADDED from src/main/AndroidManifest.xml:144:13-146:29
service#com.jayeen.driver.gcm.MyInstanceIDListenerService
ADDED from src/main/AndroidManifest.xml:150:9-156:19
	android:exported
		ADDED from src/main/AndroidManifest.xml:152:13-37
	android:name
		ADDED from src/main/AndroidManifest.xml:151:13-60
intent-filter#com.google.android.gms.iid.InstanceID
ADDED from src/main/AndroidManifest.xml:153:13-155:29
action#com.google.android.gms.iid.InstanceID
ADDED from src/main/AndroidManifest.xml:154:17-80
	android:name
		ADDED from src/main/AndroidManifest.xml:154:25-77
service#com.jayeen.driver.gcm.GCMIntentService
ADDED from src/main/AndroidManifest.xml:158:9-160:40
	android:exported
		ADDED from src/main/AndroidManifest.xml:160:13-37
	android:name
		ADDED from src/main/AndroidManifest.xml:159:13-49
activity#com.jayeen.driver.WalletActivity
ADDED from src/main/AndroidManifest.xml:171:9-173:70
	android:label
		ADDED from src/main/AndroidManifest.xml:173:13-58
	android:name
		ADDED from src/main/AndroidManifest.xml:172:13-43
uses-sdk
INJECTED from src/main/AndroidManifest.xml reason: use-sdk injection requested
MERGED from [com.android.support:multidex:1.0.1] AndroidManifest.xml:18:5-42
MERGED from [JayeenTaxi:pinnedlibrary:unspecified] AndroidManifest.xml:7:5-9:41
MERGED from [JayeenTaxi:countrylist:unspecified] AndroidManifest.xml:7:5-9:41
MERGED from [com.crashlytics.sdk.android:crashlytics:2.6.2] AndroidManifest.xml:7:5-43
MERGED from [com.crashlytics.sdk.android:beta:1.2.2] AndroidManifest.xml:7:5-43
MERGED from [com.crashlytics.sdk.android:crashlytics-core:2.3.11] AndroidManifest.xml:7:5-43
MERGED from [com.crashlytics.sdk.android:answers:1.3.9] AndroidManifest.xml:7:5-43
MERGED from [io.fabric.sdk.android:fabric:1.3.13] AndroidManifest.xml:23:5-43
MERGED from [com.google.android.gms:play-services-auth:10.0.1] AndroidManifest.xml:17:5-42
MERGED from [com.google.android.gms:play-services-auth-base:10.0.1] AndroidManifest.xml:4:5-42
MERGED from [com.google.android.gms:play-services-gcm:10.0.1] AndroidManifest.xml:17:5-42
MERGED from [com.google.android.gms:play-services-iid:10.0.1] AndroidManifest.xml:17:5-42
MERGED from [com.google.android.gms:play-services-location:10.0.1] AndroidManifest.xml:3:5-42
MERGED from [com.google.android.gms:play-services-maps:10.0.1] AndroidManifest.xml:23:5-42
MERGED from [com.google.android.gms:play-services-base:10.0.1] AndroidManifest.xml:17:5-42
MERGED from [com.google.android.gms:play-services-tasks:10.0.1] AndroidManifest.xml:3:5-42
MERGED from [com.google.android.gms:play-services-basement:10.0.1] AndroidManifest.xml:17:5-42
MERGED from [com.soundcloud.android:android-crop:0.9.10] AndroidManifest.xml:5:5-7:41
MERGED from [com.mikhaellopez:circularimageview:3.0.2] AndroidManifest.xml:7:5-9:41
MERGED from [me.relex:circleindicator:1.2.1] AndroidManifest.xml:8:5-10:41
MERGED from [me.wangyuwei:LoadingiVew:1.0.5] AndroidManifest.xml:8:5-10:41
MERGED from [io.reactivex:rxandroid:1.2.0] AndroidManifest.xml:19:5-43
MERGED from [com.stripe:stripe-android:6.1.2] AndroidManifest.xml:7:5-9:41
MERGED from [com.android.support:design:27.1.0] AndroidManifest.xml:20:5-44
MERGED from [com.android.support:appcompat-v7:27.1.0] AndroidManifest.xml:20:5-44
MERGED from [com.android.support:animated-vector-drawable:27.1.0] AndroidManifest.xml:20:5-44
MERGED from [com.android.support:support-vector-drawable:27.1.0] AndroidManifest.xml:20:5-44
MERGED from [com.android.support:transition:27.1.0] AndroidManifest.xml:20:5-44
MERGED from [com.android.support:support-v4:27.1.0] AndroidManifest.xml:20:5-44
MERGED from [com.android.support:support-media-compat:27.1.0] AndroidManifest.xml:20:5-44
MERGED from [com.android.support:support-fragment:27.1.0] AndroidManifest.xml:20:5-44
MERGED from [android.arch.lifecycle:livedata-core:1.1.0] AndroidManifest.xml:20:5-44
MERGED from [android.arch.core:runtime:1.1.0] AndroidManifest.xml:20:5-44
MERGED from [android.arch.lifecycle:viewmodel:1.1.0] AndroidManifest.xml:20:5-44
MERGED from [com.android.support:recyclerview-v7:27.1.0] AndroidManifest.xml:20:5-44
MERGED from [com.android.support:support-core-ui:27.1.0] AndroidManifest.xml:20:5-44
MERGED from [com.android.support:support-core-utils:27.1.0] AndroidManifest.xml:20:5-44
MERGED from [com.android.support:support-compat:27.1.0] AndroidManifest.xml:20:5-44
MERGED from [android.arch.lifecycle:runtime:1.1.0] AndroidManifest.xml:20:5-44
MERGED from [com.android.support:cardview-v7:26.0.0-alpha1] AndroidManifest.xml:20:5-44
	android:targetSdkVersion
		INJECTED from src/main/AndroidManifest.xml
		INJECTED from src/main/AndroidManifest.xml
	android:minSdkVersion
		INJECTED from src/main/AndroidManifest.xml
		INJECTED from src/main/AndroidManifest.xml
activity#com.google.android.gms.auth.api.signin.internal.SignInHubActivity
ADDED from [com.google.android.gms:play-services-auth:10.0.1] AndroidManifest.xml:20:9-189
	android:excludeFromRecents
		ADDED from [com.google.android.gms:play-services-auth:10.0.1] AndroidManifest.xml:20:129-162
	android:exported
		ADDED from [com.google.android.gms:play-services-auth:10.0.1] AndroidManifest.xml:20:163-187
	android:theme
		ADDED from [com.google.android.gms:play-services-auth:10.0.1] AndroidManifest.xml:20:69-128
	android:name
		ADDED from [com.google.android.gms:play-services-auth:10.0.1] AndroidManifest.xml:20:19-68
service#com.google.android.gms.auth.api.signin.RevocationBoundService
ADDED from [com.google.android.gms:play-services-auth:10.0.1] AndroidManifest.xml:24:9-184
	android:exported
		ADDED from [com.google.android.gms:play-services-auth:10.0.1] AndroidManifest.xml:24:64-87
	android:permission
		ADDED from [com.google.android.gms:play-services-auth:10.0.1] AndroidManifest.xml:24:88-182
	android:name
		ADDED from [com.google.android.gms:play-services-auth:10.0.1] AndroidManifest.xml:24:18-63
uses-feature#0x00020000
ADDED from [com.google.android.gms:play-services-maps:10.0.1] AndroidManifest.xml:21:5-77
	android:glEsVersion
		ADDED from [com.google.android.gms:play-services-maps:10.0.1] AndroidManifest.xml:21:19-51
	android:required
		ADDED from [com.google.android.gms:play-services-maps:10.0.1] AndroidManifest.xml:21:52-75
activity#com.google.android.gms.common.api.GoogleApiActivity
ADDED from [com.google.android.gms:play-services-base:10.0.1] AndroidManifest.xml:19:9-172
	android:exported
		ADDED from [com.google.android.gms:play-services-base:10.0.1] AndroidManifest.xml:19:146-170
	android:theme
		ADDED from [com.google.android.gms:play-services-base:10.0.1] AndroidManifest.xml:19:86-145
	android:name
		ADDED from [com.google.android.gms:play-services-base:10.0.1] AndroidManifest.xml:19:19-85
activity#com.stripe.android.view.AddSourceActivity
ADDED from [com.stripe:stripe-android:6.1.2] AndroidManifest.xml:12:9-16:20
	android:windowSoftInputMode
		ADDED from [com.stripe:stripe-android:6.1.2] AndroidManifest.xml:15:13-55
	android:theme
		ADDED from [com.stripe:stripe-android:6.1.2] AndroidManifest.xml:14:13-54
	android:name
		ADDED from [com.stripe:stripe-android:6.1.2] AndroidManifest.xml:13:13-69
activity#com.stripe.android.view.PaymentMethodsActivity
ADDED from [com.stripe:stripe-android:6.1.2] AndroidManifest.xml:17:9-20:20
	android:theme
		ADDED from [com.stripe:stripe-android:6.1.2] AndroidManifest.xml:19:13-54
	android:name
		ADDED from [com.stripe:stripe-android:6.1.2] AndroidManifest.xml:18:13-74
activity#com.stripe.android.view.PaymentFlowActivity
ADDED from [com.stripe:stripe-android:6.1.2] AndroidManifest.xml:21:9-24:20
	android:theme
		ADDED from [com.stripe:stripe-android:6.1.2] AndroidManifest.xml:23:13-54
	android:name
		ADDED from [com.stripe:stripe-android:6.1.2] AndroidManifest.xml:22:13-71